Using pre-set license
Built from '2022.3/staging' branch; Version is '2022.3.11f1 (d00248457e15) revision 13632072'; Using compiler version '192829333'; Build Type 'Release'
OS: 'Windows 11  (10.0.22621) 64bit Professional' Language: 'en' Physical Memory: 16271 MB
BatchMode: 1, IsHumanControllingUs: 0, StartBugReporterOnCrash: 0, Is64bit: 1, IsPro: 1

COMMAND LINE ARGUMENTS:
C:\Program Files\Unity\Hub\Editor\2022.3.11f1\Editor\Unity.exe
-adb2
-batchMode
-noUpm
-name
AssetImportWorker0
-projectPath
C:/Users/Bananya/OneDrive/Dokumenter/Multimediedesigner/Horror game
-logFile
Logs/AssetImportWorker0.log
-srvPort
53802
Successfully changed project path to: C:/Users/Bananya/OneDrive/Dokumenter/Multimediedesigner/Horror game
C:/Users/Bananya/OneDrive/Dokumenter/Multimediedesigner/Horror game
[UnityMemory] Configuration Parameters - Can be set up in boot.config
    "memorysetup-bucket-allocator-granularity=16"
    "memorysetup-bucket-allocator-bucket-count=8"
    "memorysetup-bucket-allocator-block-size=33554432"
    "memorysetup-bucket-allocator-block-count=8"
    "memorysetup-main-allocator-block-size=16777216"
    "memorysetup-thread-allocator-block-size=16777216"
    "memorysetup-gfx-main-allocator-block-size=16777216"
    "memorysetup-gfx-thread-allocator-block-size=16777216"
    "memorysetup-cache-allocator-block-size=4194304"
    "memorysetup-typetree-allocator-block-size=2097152"
    "memorysetup-profiler-bucket-allocator-granularity=16"
    "memorysetup-profiler-bucket-allocator-bucket-count=8"
    "memorysetup-profiler-bucket-allocator-block-size=33554432"
    "memorysetup-profiler-bucket-allocator-block-count=8"
    "memorysetup-profiler-allocator-block-size=16777216"
    "memorysetup-profiler-editor-allocator-block-size=1048576"
    "memorysetup-temp-allocator-size-main=16777216"
    "memorysetup-job-temp-allocator-block-size=2097152"
    "memorysetup-job-temp-allocator-block-size-background=1048576"
    "memorysetup-job-temp-allocator-reduction-small-platforms=262144"
    "memorysetup-allocator-temp-initial-block-size-main=262144"
    "memorysetup-allocator-temp-initial-block-size-worker=262144"
    "memorysetup-temp-allocator-size-background-worker=32768"
    "memorysetup-temp-allocator-size-job-worker=262144"
    "memorysetup-temp-allocator-size-preload-manager=33554432"
    "memorysetup-temp-allocator-size-nav-mesh-worker=65536"
    "memorysetup-temp-allocator-size-audio-worker=65536"
    "memorysetup-temp-allocator-size-cloud-worker=32768"
    "memorysetup-temp-allocator-size-gi-baking-worker=262144"
    "memorysetup-temp-allocator-size-gfx=262144"
Player connection [5388] Host "[IP] 192.168.0.108 [Port] 0 [Flags] 2 [Guid] 2075976816 [EditorId] 2075976816 [Version] 1048832 [Id] WindowsEditor(7,DESKTOP-ACQE5B8) [Debug] 1 [PackageName] WindowsEditor [ProjectName] Editor" joined multi-casting on [225.0.0.222:54997]...

Player connection [5388] Host "[IP] 192.168.0.108 [Port] 0 [Flags] 2 [Guid] 2075976816 [EditorId] 2075976816 [Version] 1048832 [Id] WindowsEditor(7,DESKTOP-ACQE5B8) [Debug] 1 [PackageName] WindowsEditor [ProjectName] Editor" joined alternative multi-casting on [225.0.0.222:34997]...

[Physics::Module] Initialized MultithreadedJobDispatcher with 11 workers.
Refreshing native plugins compatible for Editor in 15.60 ms, found 12 plugins.
Preloading 1 native plugins for Editor in 0.45 ms.
Initialize engine version: 2022.3.11f1 (d00248457e15)
[Subsystems] Discovering subsystems at path C:/Program Files/Unity/Hub/Editor/2022.3.11f1/Editor/Data/Resources/UnitySubsystems
[Subsystems] Discovering subsystems at path C:/Users/Bananya/OneDrive/Dokumenter/Multimediedesigner/Horror game/Assets
GfxDevice: creating device client; threaded=0; jobified=0
Direct3D:
    Version:  Direct3D 11.0 [level 11.1]
    Renderer: NVIDIA GeForce GTX 980 Ti (ID=0x17c8)
    Vendor:   NVIDIA
    VRAM:     6092 MB
    Driver:   31.0.15.4601
Initialize mono
Mono path[0] = 'C:/Program Files/Unity/Hub/Editor/2022.3.11f1/Editor/Data/Managed'
Mono path[1] = 'C:/Program Files/Unity/Hub/Editor/2022.3.11f1/Editor/Data/MonoBleedingEdge/lib/mono/unityjit-win32'
Mono config path = 'C:/Program Files/Unity/Hub/Editor/2022.3.11f1/Editor/Data/MonoBleedingEdge/etc'
Using monoOptions --debugger-agent=transport=dt_socket,embedding=1,server=y,suspend=n,address=127.0.0.1:56828
Begin MonoManager ReloadAssembly
Registering precompiled unity dll's ...
Register platform support module: C:/Program Files/Unity/Hub/Editor/2022.3.11f1/Editor/Data/PlaybackEngines/WindowsStandaloneSupport/UnityEditor.WindowsStandalone.Extensions.dll
Registered in 0.005906 seconds.
- Loaded All Assemblies, in  0.309 seconds
Native extension for WindowsStandalone target not found
Mono: successfully reloaded assembly
- Finished resetting the current domain, in  0.205 seconds
Domain Reload Profiling: 513ms
	BeginReloadAssembly (110ms)
		ExecutionOrderSort (0ms)
		DisableScriptedObjects (0ms)
		BackupInstance (0ms)
		ReleaseScriptingObjects (0ms)
		CreateAndSetChildDomain (1ms)
	RebuildCommonClasses (34ms)
	RebuildNativeTypeToScriptingClass (8ms)
	initialDomainReloadingComplete (44ms)
	LoadAllAssembliesAndSetupDomain (111ms)
		LoadAssemblies (108ms)
		RebuildTransferFunctionScriptingTraits (0ms)
		AnalyzeDomain (110ms)
			TypeCache.Refresh (109ms)
				TypeCache.ScanAssembly (97ms)
			ScanForSourceGeneratedMonoScriptInfo (0ms)
			ResolveRequiredComponents (0ms)
	FinalizeReload (205ms)
		ReleaseScriptCaches (0ms)
		RebuildScriptCaches (0ms)
		SetupLoadedEditorAssemblies (159ms)
			LogAssemblyErrors (0ms)
			InitializePlatformSupportModulesInManaged (7ms)
			SetLoadedEditorAssemblies (6ms)
			RefreshPlugins (0ms)
			BeforeProcessingInitializeOnLoad (2ms)
			ProcessInitializeOnLoadAttributes (104ms)
			ProcessInitializeOnLoadMethodAttributes (41ms)
			AfterProcessingInitializeOnLoad (0ms)
			EditorAssembliesLoaded (0ms)
		ExecutionOrderSort2 (0ms)
		AwakeInstancesAfterBackupRestoration (0ms)
========================================================================
Worker process is ready to serve import requests
Begin MonoManager ReloadAssembly
- Loaded All Assemblies, in  0.591 seconds
Refreshing native plugins compatible for Editor in 10.49 ms, found 12 plugins.
Native extension for WindowsStandalone target not found
Package Manager log level set to [2]
[Package Manager] Server::EnsureServerProcessIsRunning -- launch failed, reason: Unity was launched with the -noUpm command-line argument
[Package Manager] UpmClient::Send -- Unable to send message (not connected to UPM process).
[Package Manager] Cannot connect to Unity Package Manager local server
[Package Manager] Server::EnsureServerProcessIsRunning -- launch failed, reason: Unity was launched with the -noUpm command-line argument
[Package Manager] UpmClient::Send -- Unable to send message (not connected to UPM process).
[Package Manager] Cannot connect to Unity Package Manager local server
System.Reflection.TargetInvocationException: Exception has been thrown by the target of an invocation. ---> System.NullReferenceException: Object reference not set to an instance of an object
  at Unity.XR.Oculus.OculusLoader.AssetPathToAbsolutePath (System.String assetPath) [0x0003d] in .\Library\PackageCache\com.unity.xr.oculus@4.1.1\Runtime\OculusLoader.cs:287 
  at Unity.XR.Oculus.OculusLoader.EditorLoadOVRPlugin () [0x00084] in .\Library\PackageCache\com.unity.xr.oculus@4.1.1\Runtime\OculusLoader.cs:272 
  at (wrapper managed-to-native) System.Reflection.RuntimeMethodInfo.InternalInvoke(System.Reflection.RuntimeMethodInfo,object,object[],System.Exception&)
  at System.Reflection.RuntimeMethodInfo.Invoke (System.Object obj, System.Reflection.BindingFlags invokeAttr, System.Reflection.Binder binder, System.Object[] parameters, System.Globalization.CultureInfo culture) [0x0006a] in <834b2ded5dad441e8c7a4287897d63c7>:0 
   --- End of inner exception stack trace ---
  at System.Reflection.RuntimeMethodInfo.Invoke (System.Object obj, System.Reflection.BindingFlags invokeAttr, System.Reflection.Binder binder, System.Object[] parameters, System.Globalization.CultureInfo culture) [0x00083] in <834b2ded5dad441e8c7a4287897d63c7>:0 
  at System.Reflection.MethodBase.Invoke (System.Object obj, System.Object[] parameters) [0x00000] in <834b2ded5dad441e8c7a4287897d63c7>:0 
  at UnityEditor.EditorAssemblies.ProcessInitializeOnLoadMethodAttributes () [0x000a5] in <9920ff0c944845d7b9f9a61ef1478edc>:0 
UnityEngine.StackTraceUtility:ExtractStackTrace ()
UnityEngine.DebugLogHandler:LogFormat (UnityEngine.LogType,UnityEngine.Object,string,object[])
UnityEngine.Logger:Log (UnityEngine.LogType,object)
UnityEngine.Debug:LogError (object)
UnityEditor.EditorAssemblies:ProcessInitializeOnLoadMethodAttributes ()

Mono: successfully reloaded assembly
[Package Manager] Server::EnsureServerProcessIsRunning -- launch failed, reason: Unity was launched with the -noUpm command-line argument
[Package Manager] UpmClient::Send -- Unable to send message (not connected to UPM process).
[Package Manager] Cannot connect to Unity Package Manager local server
[Package Manager] Server::EnsureServerProcessIsRunning -- launch failed, reason: Unity was launched with the -noUpm command-line argument
[Package Manager] UpmClient::Send -- Unable to send message (not connected to UPM process).
[Package Manager] Cannot connect to Unity Package Manager local server
- Finished resetting the current domain, in  0.562 seconds
Domain Reload Profiling: 1150ms
	BeginReloadAssembly (131ms)
		ExecutionOrderSort (0ms)
		DisableScriptedObjects (5ms)
		BackupInstance (0ms)
		ReleaseScriptingObjects (0ms)
		CreateAndSetChildDomain (20ms)
	RebuildCommonClasses (29ms)
	RebuildNativeTypeToScriptingClass (8ms)
	initialDomainReloadingComplete (36ms)
	LoadAllAssembliesAndSetupDomain (384ms)
		LoadAssemblies (283ms)
		RebuildTransferFunctionScriptingTraits (0ms)
		AnalyzeDomain (175ms)
			TypeCache.Refresh (147ms)
				TypeCache.ScanAssembly (133ms)
			ScanForSourceGeneratedMonoScriptInfo (22ms)
			ResolveRequiredComponents (5ms)
	FinalizeReload (562ms)
		ReleaseScriptCaches (0ms)
		RebuildScriptCaches (0ms)
		SetupLoadedEditorAssemblies (438ms)
			LogAssemblyErrors (0ms)
			InitializePlatformSupportModulesInManaged (4ms)
			SetLoadedEditorAssemblies (3ms)
			RefreshPlugins (0ms)
			BeforeProcessingInitializeOnLoad (64ms)
			ProcessInitializeOnLoadAttributes (319ms)
			ProcessInitializeOnLoadMethodAttributes (42ms)
			AfterProcessingInitializeOnLoad (6ms)
			EditorAssembliesLoaded (0ms)
		ExecutionOrderSort2 (0ms)
		AwakeInstancesAfterBackupRestoration (5ms)
Launched and connected shader compiler UnityShaderCompiler.exe after 0.04 seconds
Refreshing native plugins compatible for Editor in 17.87 ms, found 12 plugins.
Preloading 1 native plugins for Editor in 0.08 ms.
Unloading 3932 Unused Serialized files (Serialized files now loaded: 0)
Unloading 71 unused Assets / (74.6 KB). Loaded Objects now: 4421.
Memory consumption went from 155.8 MB to 155.7 MB.
Total: 5.312700 ms (FindLiveObjects: 0.546900 ms CreateObjectMapping: 0.286200 ms MarkObjects: 4.245200 ms  DeleteObjects: 0.233400 ms)

AssetImportParameters requested are different than current active one (requested -> active):
  custom:container-demuxer-ogg: 62fdf1f143b41e24485cea50d1cbac27 -> 
  custom:video-decoder-ogg-theora: a1e56fd34408186e4bbccfd4996cb3dc -> 
  custom:framework-win-MediaFoundation: 216162199b28c13a410421893ffa2e32 -> 
  custom:container-demuxer-webm: 4f35f7cbe854078d1ac9338744f61a02 -> 
  custom:container-muxer-webm: aa71ff27fc2769a1b78a27578f13a17b -> 
  custom:video-decoder-webm-vp8: 9c59270c3fd7afecdb556c50c9e8de78 -> 
  custom:AudioImporter_EditorPlatform: d09bf68614088b80899f8185d706f6e7 -> 
  custom:video-encoder-webm-vp8: eb34c28f22e8b96e1ab97ce403110664 -> 
  custom:audio-decoder-ogg-vorbis: bf7c407c2cedff20999df2af8eb42d56 -> 
  custom:audio-encoder-webm-vorbis: bf7c407c2cedff20999df2af8eb42d56 -> 
========================================================================
Received Import Request.
  Time since last request: 80798.371436 seconds.
  path: Assets/Scenes/NewScene.unity
  artifactKey: Guid(20f97bcd9ac15f8418fb70ed4adc227d) Importer(815301076,1909f56bfc062723c751e8b465ee728b)
Start importing Assets/Scenes/NewScene.unity using Guid(20f97bcd9ac15f8418fb70ed4adc227d) Importer(815301076,1909f56bfc062723c751e8b465ee728b)  -> (artifact id: '0d69d55d6cd7e9cedb74f91550caa677') in 0.003290 seconds
Number of updated asset objects reloaded before import = 0
Number of asset objects unloaded after import = 0
========================================================================
Received Import Request.
  Time since last request: 11.882410 seconds.
  path: Assets/Scenes/SampleScene.unity
  artifactKey: Guid(e7523a6577310dd49963174dac8a325f) Importer(815301076,1909f56bfc062723c751e8b465ee728b)
Start importing Assets/Scenes/SampleScene.unity using Guid(e7523a6577310dd49963174dac8a325f) Importer(815301076,1909f56bfc062723c751e8b465ee728b)  -> (artifact id: '77c9611c36b465217e33e32359d4ccbe') in 0.000451 seconds
Number of updated asset objects reloaded before import = 0
Number of asset objects unloaded after import = 0
========================================================================
Received Import Request.
  Time since last request: 18.923717 seconds.
  path: Assets/Scenes/HorrorGame.unity
  artifactKey: Guid(9fc0d4010bbf28b4594072e72b8655ab) Importer(815301076,1909f56bfc062723c751e8b465ee728b)
Start importing Assets/Scenes/HorrorGame.unity using Guid(9fc0d4010bbf28b4594072e72b8655ab) Importer(815301076,1909f56bfc062723c751e8b465ee728b)  -> (artifact id: '60442a4c99ff1da043f73e14e0d3c744') in 0.000919 seconds
Number of updated asset objects reloaded before import = 0
Number of asset objects unloaded after import = 0
========================================================================
Received Prepare
Refreshing native plugins compatible for Editor in 10.85 ms, found 12 plugins.
Preloading 1 native plugins for Editor in 0.08 ms.
Unloading 0 Unused Serialized files (Serialized files now loaded: 0)
Unloading 1 unused Assets / (0.8 KB). Loaded Objects now: 4421.
Memory consumption went from 89.8 MB to 89.8 MB.
Total: 3.720800 ms (FindLiveObjects: 0.622400 ms CreateObjectMapping: 0.358600 ms MarkObjects: 2.721100 ms  DeleteObjects: 0.018000 ms)

Prepare: number of updated asset objects reloaded= 0
AssetImportParameters requested are different than current active one (requested -> active):
  custom:container-demuxer-ogg: 62fdf1f143b41e24485cea50d1cbac27 -> 
  custom:video-decoder-ogg-theora: a1e56fd34408186e4bbccfd4996cb3dc -> 
  custom:framework-win-MediaFoundation: 216162199b28c13a410421893ffa2e32 -> 
  custom:CustomObjectIndexerAttribute: 756ad292c208cfabdd7b50bc23989ffe -> 
  custom:container-demuxer-webm: 4f35f7cbe854078d1ac9338744f61a02 -> 
  custom:container-muxer-webm: aa71ff27fc2769a1b78a27578f13a17b -> 
  custom:video-decoder-webm-vp8: 9c59270c3fd7afecdb556c50c9e8de78 -> 
  custom:SearchIndexIgnoredProperties: e643bd26f0fe6173181afceb89e7c659 -> 
  custom:AudioImporter_EditorPlatform: d09bf68614088b80899f8185d706f6e7 -> 
  custom:video-encoder-webm-vp8: eb34c28f22e8b96e1ab97ce403110664 -> 
  custom:audio-decoder-ogg-vorbis: bf7c407c2cedff20999df2af8eb42d56 -> 
  custom:audio-encoder-webm-vorbis: bf7c407c2cedff20999df2af8eb42d56 -> 
========================================================================
Received Import Request.
  Time since last request: 1282.600041 seconds.
  path: Assets/Horror Hospital Pack/Models/Bad
  artifactKey: Guid(31dd5bcfc2f58754788b1c5c01c7beb3) Importer(815301076,1909f56bfc062723c751e8b465ee728b)
Start importing Assets/Horror Hospital Pack/Models/Bad using Guid(31dd5bcfc2f58754788b1c5c01c7beb3) Importer(815301076,1909f56bfc062723c751e8b465ee728b)  -> (artifact id: '20be19843ad0de30f8af116868c987c8') in 0.013404 seconds
Number of updated asset objects reloaded before import = 0
Number of asset objects unloaded after import = 0
========================================================================
Received Import Request.
  Time since last request: 0.054735 seconds.
  path: Assets/Horror Hospital Pack/Models/Bad/Bad_d.png
  artifactKey: Guid(14486d50ab6363d45941a26fe7d85a16) Importer(815301076,1909f56bfc062723c751e8b465ee728b)
Start importing Assets/Horror Hospital Pack/Models/Bad/Bad_d.png using Guid(14486d50ab6363d45941a26fe7d85a16) Importer(815301076,1909f56bfc062723c751e8b465ee728b)  -> (artifact id: '003d30f55197b2f6c808df9d54b70061') in 0.046807 seconds
Number of updated asset objects reloaded before import = 0
Number of asset objects unloaded after import = 2
========================================================================
Received Import Request.
  Time since last request: 521.788750 seconds.
  path: Assets/Horror Hospital Pack/Materials/Sil
  artifactKey: Guid(c62375e32b04d0e40ba65d93ea056ae1) Importer(815301076,1909f56bfc062723c751e8b465ee728b)
Start importing Assets/Horror Hospital Pack/Materials/Sil using Guid(c62375e32b04d0e40ba65d93ea056ae1) Importer(815301076,1909f56bfc062723c751e8b465ee728b)  -> (artifact id: '81f60d78852ea1a4cfecc801af202ff3') in 0.000852 seconds
Number of updated asset objects reloaded before import = 0
Number of asset objects unloaded after import = 0
========================================================================
Received Import Request.
  Time since last request: 0.083062 seconds.
  path: Assets/Horror Hospital Pack/Materials/Sil/Sil.png
  artifactKey: Guid(f8c2e7e3feb65384d8677eaf7aed1b3f) Importer(815301076,1909f56bfc062723c751e8b465ee728b)
Start importing Assets/Horror Hospital Pack/Materials/Sil/Sil.png using Guid(f8c2e7e3feb65384d8677eaf7aed1b3f) Importer(815301076,1909f56bfc062723c751e8b465ee728b)  -> (artifact id: '01d4016381b90598217a632f72a834c0') in 0.013579 seconds
Number of updated asset objects reloaded before import = 0
Number of asset objects unloaded after import = 2
========================================================================
Received Import Request.
  Time since last request: 0.000013 seconds.
  path: Assets/Horror Hospital Pack/Materials/Sil/Sil_Normal.png
  artifactKey: Guid(2313ef2bc9800064aabae27e1dc49d3f) Importer(815301076,1909f56bfc062723c751e8b465ee728b)
Start importing Assets/Horror Hospital Pack/Materials/Sil/Sil_Normal.png using Guid(2313ef2bc9800064aabae27e1dc49d3f) Importer(815301076,1909f56bfc062723c751e8b465ee728b)  -> (artifact id: 'b8846715bcbb47d5e4691d2fdf3a2356') in 0.033069 seconds
Number of updated asset objects reloaded before import = 0
Number of asset objects unloaded after import = 2
========================================================================
Received Import Request.
  Time since last request: 4.670856 seconds.
  path: Assets/Horror Hospital Pack/Models/Bad/Materials
  artifactKey: Guid(28ac1f67d89f49042955364aaf87dd8e) Importer(815301076,1909f56bfc062723c751e8b465ee728b)
Start importing Assets/Horror Hospital Pack/Models/Bad/Materials using Guid(28ac1f67d89f49042955364aaf87dd8e) Importer(815301076,1909f56bfc062723c751e8b465ee728b)  -> (artifact id: '75b7b03cc7d6646abee92e8f2ae4b18a') in 0.000523 seconds
Number of updated asset objects reloaded before import = 0
Number of asset objects unloaded after import = 0
========================================================================
Received Import Request.
  Time since last request: 10.175876 seconds.
  path: Assets/Horror Hospital Pack/Models/ElectroPanel
  artifactKey: Guid(fdb6fc19c073ad1438506cd9a33f28d1) Importer(815301076,1909f56bfc062723c751e8b465ee728b)
Start importing Assets/Horror Hospital Pack/Models/ElectroPanel using Guid(fdb6fc19c073ad1438506cd9a33f28d1) Importer(815301076,1909f56bfc062723c751e8b465ee728b)  -> (artifact id: '53f4c9ce601dbd82b87eed5f322dccb7') in 0.020259 seconds
Number of updated asset objects reloaded before import = 0
Number of asset objects unloaded after import = 0
========================================================================
Received Import Request.
  Time since last request: 0.035201 seconds.
  path: Assets/Horror Hospital Pack/Models/ElectroPanel/ElectricalPanel_n.png
  artifactKey: Guid(9543d6f881214074b9b0cc258a032fe0) Importer(815301076,1909f56bfc062723c751e8b465ee728b)
Start importing Assets/Horror Hospital Pack/Models/ElectroPanel/ElectricalPanel_n.png using Guid(9543d6f881214074b9b0cc258a032fe0) Importer(815301076,1909f56bfc062723c751e8b465ee728b)  -> (artifact id: 'ec283e8cb350aaec7ea32738d5fca08a') in 0.015614 seconds
Number of updated asset objects reloaded before import = 0
Number of asset objects unloaded after import = 2
========================================================================
Received Import Request.
  Time since last request: 3.265621 seconds.
  path: Assets/Horror Hospital Pack/Models/ElectroPanel/Materials
  artifactKey: Guid(8d9470feca9743946954857fc2cfa356) Importer(815301076,1909f56bfc062723c751e8b465ee728b)
Start importing Assets/Horror Hospital Pack/Models/ElectroPanel/Materials using Guid(8d9470feca9743946954857fc2cfa356) Importer(815301076,1909f56bfc062723c751e8b465ee728b)  -> (artifact id: '891ef78c83975858d17e419e43ad4351') in 0.000494 seconds
Number of updated asset objects reloaded before import = 0
Number of asset objects unloaded after import = 0
========================================================================
Received Import Request.
  Time since last request: 2.536526 seconds.
  path: Assets/Horror Hospital Pack/Models/Lamp
  artifactKey: Guid(d2210f50342f61148beb5e337dccfeae) Importer(815301076,1909f56bfc062723c751e8b465ee728b)
Start importing Assets/Horror Hospital Pack/Models/Lamp using Guid(d2210f50342f61148beb5e337dccfeae) Importer(815301076,1909f56bfc062723c751e8b465ee728b)  -> (artifact id: 'b240161ccadde9f282cb8ce040b0bf1b') in 0.011464 seconds
Number of updated asset objects reloaded before import = 0
Number of asset objects unloaded after import = 0
========================================================================
Received Import Request.
  Time since last request: 0.046113 seconds.
  path: Assets/Horror Hospital Pack/Models/Lamp/LampDiffuse.png
  artifactKey: Guid(fdf5c2c8889832c40bbda772a312a0f1) Importer(815301076,1909f56bfc062723c751e8b465ee728b)
Start importing Assets/Horror Hospital Pack/Models/Lamp/LampDiffuse.png using Guid(fdf5c2c8889832c40bbda772a312a0f1) Importer(815301076,1909f56bfc062723c751e8b465ee728b)  -> (artifact id: 'fd5e953a0d95ba68e8f75b9959bbc150') in 0.013099 seconds
Number of updated asset objects reloaded before import = 0
Number of asset objects unloaded after import = 2
========================================================================
Received Import Request.
  Time since last request: 2.710478 seconds.
  path: Assets/Horror Hospital Pack/Models/OldCup
  artifactKey: Guid(b8f7cd96b54ca9b4586e9b3e30d16c82) Importer(815301076,1909f56bfc062723c751e8b465ee728b)
Start importing Assets/Horror Hospital Pack/Models/OldCup using Guid(b8f7cd96b54ca9b4586e9b3e30d16c82) Importer(815301076,1909f56bfc062723c751e8b465ee728b)  -> (artifact id: '559f502c0c46d7c7de93ca3ca6c71ce3') in 0.000519 seconds
Number of updated asset objects reloaded before import = 0
Number of asset objects unloaded after import = 0
========================================================================
Received Import Request.
  Time since last request: 0.033115 seconds.
  path: Assets/Horror Hospital Pack/Models/OldCup/OldCupDiffuse.png
  artifactKey: Guid(99fdecc782c602b4f9661ce32a7fd1f2) Importer(815301076,1909f56bfc062723c751e8b465ee728b)
Start importing Assets/Horror Hospital Pack/Models/OldCup/OldCupDiffuse.png using Guid(99fdecc782c602b4f9661ce32a7fd1f2) Importer(815301076,1909f56bfc062723c751e8b465ee728b)  -> (artifact id: '797942334e440bcd55fe06a5a85486a3') in 0.012768 seconds
Number of updated asset objects reloaded before import = 0
Number of asset objects unloaded after import = 2
========================================================================
Received Import Request.
  Time since last request: 0.000012 seconds.
  path: Assets/Horror Hospital Pack/Models/OldCup/OldCupSpecular.png
  artifactKey: Guid(af3823ea8b6e1c945ae28dacd978e81a) Importer(815301076,1909f56bfc062723c751e8b465ee728b)
Start importing Assets/Horror Hospital Pack/Models/OldCup/OldCupSpecular.png using Guid(af3823ea8b6e1c945ae28dacd978e81a) Importer(815301076,1909f56bfc062723c751e8b465ee728b)  -> (artifact id: '8174b44cabfb7d940e8feca984b70653') in 0.012935 seconds
Number of updated asset objects reloaded before import = 0
Number of asset objects unloaded after import = 2
========================================================================
Received Import Request.
  Time since last request: 8.107993 seconds.
  path: Assets/Horror Hospital Pack/Models/SD
  artifactKey: Guid(bb5e1b2b2f5057c4b87357eb3a02bbd2) Importer(815301076,1909f56bfc062723c751e8b465ee728b)
Start importing Assets/Horror Hospital Pack/Models/SD using Guid(bb5e1b2b2f5057c4b87357eb3a02bbd2) Importer(815301076,1909f56bfc062723c751e8b465ee728b)  -> (artifact id: 'fe239dc758a06cccfeb7060528be20a9') in 0.000466 seconds
Number of updated asset objects reloaded before import = 0
Number of asset objects unloaded after import = 0
========================================================================
Received Import Request.
  Time since last request: 0.064199 seconds.
  path: Assets/Horror Hospital Pack/Models/SD/SDDiffuse.png
  artifactKey: Guid(fe1e9257dd90991488e4a22f4d9afe6c) Importer(815301076,1909f56bfc062723c751e8b465ee728b)
Start importing Assets/Horror Hospital Pack/Models/SD/SDDiffuse.png using Guid(fe1e9257dd90991488e4a22f4d9afe6c) Importer(815301076,1909f56bfc062723c751e8b465ee728b)  -> (artifact id: 'a313078c2dfedc7021b5a71ed249eb48') in 0.013437 seconds
Number of updated asset objects reloaded before import = 0
Number of asset objects unloaded after import = 2
========================================================================
Received Import Request.
  Time since last request: 445.513113 seconds.
  path: Assets/Assets
  artifactKey: Guid(44913247a4900ad4f83cf882e6c23bf3) Importer(815301076,1909f56bfc062723c751e8b465ee728b)
Start importing Assets/Assets using Guid(44913247a4900ad4f83cf882e6c23bf3) Importer(815301076,1909f56bfc062723c751e8b465ee728b)  -> (artifact id: '96666650120b4fa26f8de2fe4fbd4416') in 0.000596 seconds
Number of updated asset objects reloaded before import = 0
Number of asset objects unloaded after import = 0
========================================================================
Received Import Request.
  Time since last request: 15.397630 seconds.
  path: Assets/Assets/BloodDecalsAndEffects
  artifactKey: Guid(c30dce7296bdd9e4c9632aaf4572c91c) Importer(815301076,1909f56bfc062723c751e8b465ee728b)
Start importing Assets/Assets/BloodDecalsAndEffects using Guid(c30dce7296bdd9e4c9632aaf4572c91c) Importer(815301076,1909f56bfc062723c751e8b465ee728b)  -> (artifact id: 'f44fe9decb6fd27adfe2ffd182745017') in 0.000431 seconds
Number of updated asset objects reloaded before import = 0
Number of asset objects unloaded after import = 0
========================================================================
Received Import Request.
  Time since last request: 1.466559 seconds.
  path: Assets/Assets/BloodDecalsAndEffects/BloodGushFX
  artifactKey: Guid(c7f29bc7dd0ae8042a82757c9358baeb) Importer(815301076,1909f56bfc062723c751e8b465ee728b)
Start importing Assets/Assets/BloodDecalsAndEffects/BloodGushFX using Guid(c7f29bc7dd0ae8042a82757c9358baeb) Importer(815301076,1909f56bfc062723c751e8b465ee728b)  -> (artifact id: 'a111db05d061058a4919faae186a36be') in 0.000391 seconds
Number of updated asset objects reloaded before import = 0
Number of asset objects unloaded after import = 0
========================================================================
Received Import Request.
  Time since last request: 0.065552 seconds.
  path: Assets/Assets/BloodDecalsAndEffects/BloodGushFX/BloodSprayFX.prefab
  artifactKey: Guid(d32aa916f50cac94db11e6f19821a58f) Importer(815301076,1909f56bfc062723c751e8b465ee728b)
Start importing Assets/Assets/BloodDecalsAndEffects/BloodGushFX/BloodSprayFX.prefab using Guid(d32aa916f50cac94db11e6f19821a58f) Importer(815301076,1909f56bfc062723c751e8b465ee728b)  -> (artifact id: '52df214555a0b8a6780adbc1438252f6') in 0.076028 seconds
Number of updated asset objects reloaded before import = 0
Number of asset objects unloaded after import = 22
========================================================================
Received Import Request.
  Time since last request: 0.000017 seconds.
  path: Assets/Assets/BloodDecalsAndEffects/BloodGushFX/BloodSprayFX_Extra.prefab
  artifactKey: Guid(3c657dedc43d33a4987fbf09e6363067) Importer(815301076,1909f56bfc062723c751e8b465ee728b)
Start importing Assets/Assets/BloodDecalsAndEffects/BloodGushFX/BloodSprayFX_Extra.prefab using Guid(3c657dedc43d33a4987fbf09e6363067) Importer(815301076,1909f56bfc062723c751e8b465ee728b)  -> (artifact id: '604d8c058a9089be5ba611785f7b0df2') in 0.017040 seconds
Number of updated asset objects reloaded before import = 0
Number of asset objects unloaded after import = 18
========================================================================
Received Import Request.
  Time since last request: 10.626470 seconds.
  path: Assets/Assets/BloodDecalsAndEffects/BloodGushFX/Models/RockSet2.obj
  artifactKey: Guid(16de22c3bd0cb9947b0911a828f6c952) Importer(815301076,1909f56bfc062723c751e8b465ee728b)
Start importing Assets/Assets/BloodDecalsAndEffects/BloodGushFX/Models/RockSet2.obj using Guid(16de22c3bd0cb9947b0911a828f6c952) Importer(815301076,1909f56bfc062723c751e8b465ee728b)  -> (artifact id: 'c12a7f3b352f41b3bc965223eaeffd53') in 0.061526 seconds
Number of updated asset objects reloaded before import = 0
Number of asset objects unloaded after import = 36
========================================================================
Received Import Request.
  Time since last request: 5.668728 seconds.
  path: Assets/Assets/BloodDecalsAndEffects/BloodGushFX/BloodGushFX/Materials/BloodParticleA.mat
  artifactKey: Guid(94a55713ee628a245a74794f36a1b6f7) Importer(815301076,1909f56bfc062723c751e8b465ee728b)
Start importing Assets/Assets/BloodDecalsAndEffects/BloodGushFX/BloodGushFX/Materials/BloodParticleA.mat using Guid(94a55713ee628a245a74794f36a1b6f7) Importer(815301076,1909f56bfc062723c751e8b465ee728b)  -> (artifact id: 'f2f125a134793b213c6415f434a2b6e7') in 0.029659 seconds
Number of updated asset objects reloaded before import = 0
Number of asset objects unloaded after import = 2
========================================================================
Received Import Request.
  Time since last request: 6.545092 seconds.
  path: Assets/Assets/BloodDecalsAndEffects/BloodGushFX/BloodGushFX
  artifactKey: Guid(03d4b47dda9338d49bcc4328b5bc3b8e) Importer(815301076,1909f56bfc062723c751e8b465ee728b)
Start importing Assets/Assets/BloodDecalsAndEffects/BloodGushFX/BloodGushFX using Guid(03d4b47dda9338d49bcc4328b5bc3b8e) Importer(815301076,1909f56bfc062723c751e8b465ee728b)  -> (artifact id: 'd7c6cffac96466082e48bb295780851e') in 0.000453 seconds
Number of updated asset objects reloaded before import = 0
Number of asset objects unloaded after import = 0
========================================================================
Received Import Request.
  Time since last request: 1.020403 seconds.
  path: Assets/Assets/BloodDecalsAndEffects/BloodGushFX/BloodGushFX/Materials
  artifactKey: Guid(b6306e0edb49a9d448cd3a806e7684a6) Importer(815301076,1909f56bfc062723c751e8b465ee728b)
Start importing Assets/Assets/BloodDecalsAndEffects/BloodGushFX/BloodGushFX/Materials using Guid(b6306e0edb49a9d448cd3a806e7684a6) Importer(815301076,1909f56bfc062723c751e8b465ee728b)  -> (artifact id: 'df821a1b6e08c6e3d07d5abd3e5f2e75') in 0.000445 seconds
Number of updated asset objects reloaded before import = 0
Number of asset objects unloaded after import = 0
========================================================================
Received Import Request.
  Time since last request: 0.054917 seconds.
  path: Assets/Assets/BloodDecalsAndEffects/BloodGushFX/BloodGushFX/Materials/BloodParticleB.mat
  artifactKey: Guid(372655694a62c8f4cba7e4a00bda0cc8) Importer(815301076,1909f56bfc062723c751e8b465ee728b)
Start importing Assets/Assets/BloodDecalsAndEffects/BloodGushFX/BloodGushFX/Materials/BloodParticleB.mat using Guid(372655694a62c8f4cba7e4a00bda0cc8) Importer(815301076,1909f56bfc062723c751e8b465ee728b)  -> (artifact id: 'c94e22c3f0c8a317f7c5c057da222455') in 0.022562 seconds
Number of updated asset objects reloaded before import = 0
Number of asset objects unloaded after import = 2
========================================================================
Received Import Request.
  Time since last request: 0.000017 seconds.
  path: Assets/Assets/BloodDecalsAndEffects/BloodGushFX/BloodGushFX/Materials/GreyscaleParticleA.mat
  artifactKey: Guid(c999c2443197c6a47b9521be92b71c8b) Importer(815301076,1909f56bfc062723c751e8b465ee728b)
Start importing Assets/Assets/BloodDecalsAndEffects/BloodGushFX/BloodGushFX/Materials/GreyscaleParticleA.mat using Guid(c999c2443197c6a47b9521be92b71c8b) Importer(815301076,1909f56bfc062723c751e8b465ee728b)  -> (artifact id: '164d7cd95cb6e77a3054105ddce2fda1') in 0.013665 seconds
Number of updated asset objects reloaded before import = 0
Number of asset objects unloaded after import = 2
========================================================================
Received Import Request.
  Time since last request: 0.000017 seconds.
  path: Assets/Assets/BloodDecalsAndEffects/BloodGushFX/BloodGushFX/Materials/GreyscaleParticleB.mat
  artifactKey: Guid(690c48dc9c0f6924aab75be8de531f32) Importer(815301076,1909f56bfc062723c751e8b465ee728b)
Start importing Assets/Assets/BloodDecalsAndEffects/BloodGushFX/BloodGushFX/Materials/GreyscaleParticleB.mat using Guid(690c48dc9c0f6924aab75be8de531f32) Importer(815301076,1909f56bfc062723c751e8b465ee728b)  -> (artifact id: '0dcf406eaedae2c96a6799b8aa136ce3') in 0.009760 seconds
Number of updated asset objects reloaded before import = 0
Number of asset objects unloaded after import = 2
========================================================================
Received Import Request.
  Time since last request: 10.076801 seconds.
  path: Assets/Assets/BloodDecalsAndEffects/BloodGushFX/BloodGushFX/Textures/BloodParticleFX_1.png
  artifactKey: Guid(4b7ad1607a9e2294fa522cae628443d5) Importer(815301076,1909f56bfc062723c751e8b465ee728b)
Start importing Assets/Assets/BloodDecalsAndEffects/BloodGushFX/BloodGushFX/Textures/BloodParticleFX_1.png using Guid(4b7ad1607a9e2294fa522cae628443d5) Importer(815301076,1909f56bfc062723c751e8b465ee728b)  -> (artifact id: 'e26c10084049b92292a53b25830a4fc8') in 0.014194 seconds
Number of updated asset objects reloaded before import = 0
Number of asset objects unloaded after import = 2
========================================================================
Received Import Request.
  Time since last request: 0.000012 seconds.
  path: Assets/Assets/BloodDecalsAndEffects/BloodGushFX/BloodGushFX/Textures/BloodParticleFX_2.png
  artifactKey: Guid(d09c656d9fb6be74e8e35e449dd64558) Importer(815301076,1909f56bfc062723c751e8b465ee728b)
Start importing Assets/Assets/BloodDecalsAndEffects/BloodGushFX/BloodGushFX/Textures/BloodParticleFX_2.png using Guid(d09c656d9fb6be74e8e35e449dd64558) Importer(815301076,1909f56bfc062723c751e8b465ee728b)  -> (artifact id: '77565282d5272bb8537e7d37d76a506b') in 0.013356 seconds
Number of updated asset objects reloaded before import = 0
Number of asset objects unloaded after import = 2
========================================================================
Received Import Request.
  Time since last request: 6.460630 seconds.
  path: Assets/Assets/BloodDecalsAndEffects/BloodGushFX/Gibblets/GibbletChunk_2.prefab
  artifactKey: Guid(2298a07c7abdd4b4db772ab4e69d7638) Importer(815301076,1909f56bfc062723c751e8b465ee728b)
Start importing Assets/Assets/BloodDecalsAndEffects/BloodGushFX/Gibblets/GibbletChunk_2.prefab using Guid(2298a07c7abdd4b4db772ab4e69d7638) Importer(815301076,1909f56bfc062723c751e8b465ee728b)  -> (artifact id: '76d8195bfb07f972c0b9126016121e12') in 0.222080 seconds
Number of updated asset objects reloaded before import = 0
Number of asset objects unloaded after import = 13
========================================================================
Received Import Request.
  Time since last request: 5.009605 seconds.
  path: Assets/Assets/BloodDecalsAndEffects/BloodGushFX/brainsAndBlood/Textures/Brains_Displacement.png
  artifactKey: Guid(16c53fef92528674fbf2fab05e0bf9a7) Importer(815301076,1909f56bfc062723c751e8b465ee728b)
Start importing Assets/Assets/BloodDecalsAndEffects/BloodGushFX/brainsAndBlood/Textures/Brains_Displacement.png using Guid(16c53fef92528674fbf2fab05e0bf9a7) Importer(815301076,1909f56bfc062723c751e8b465ee728b)  -> (artifact id: 'dbbbfd3bbf0f363830608c77670c359f') in 0.015716 seconds
Number of updated asset objects reloaded before import = 0
Number of asset objects unloaded after import = 2
========================================================================
Received Import Request.
  Time since last request: 0.000013 seconds.
  path: Assets/Assets/BloodDecalsAndEffects/BloodGushFX/brainsAndBlood/Textures/Brains_Normal.png
  artifactKey: Guid(4cba40c9f7d32254585baf3702bf4507) Importer(815301076,1909f56bfc062723c751e8b465ee728b)
Start importing Assets/Assets/BloodDecalsAndEffects/BloodGushFX/brainsAndBlood/Textures/Brains_Normal.png using Guid(4cba40c9f7d32254585baf3702bf4507) Importer(815301076,1909f56bfc062723c751e8b465ee728b)  -> (artifact id: '8a37534ad674a26df233e2d46b0c105f') in 0.015447 seconds
Number of updated asset objects reloaded before import = 0
Number of asset objects unloaded after import = 2
========================================================================
Received Import Request.
  Time since last request: 454.286858 seconds.
  path: Assets/Assets/Morgue Room PBR/Models/props/bonesaw.fbx
  artifactKey: Guid(5aabc211bb2fe2046949fd5810609edd) Importer(815301076,1909f56bfc062723c751e8b465ee728b)
Start importing Assets/Assets/Morgue Room PBR/Models/props/bonesaw.fbx using Guid(5aabc211bb2fe2046949fd5810609edd) Importer(815301076,1909f56bfc062723c751e8b465ee728b)  -> (artifact id: '6ef954c4e0a9153b75c708e6b401e573') in 0.017178 seconds
Number of updated asset objects reloaded before import = 0
Number of asset objects unloaded after import = 8
========================================================================
Received Import Request.
  Time since last request: 0.000018 seconds.
  path: Assets/Assets/Morgue Room PBR/Models/props/writing_board.fbx
  artifactKey: Guid(968123130adc6ca489ca18c940488a49) Importer(815301076,1909f56bfc062723c751e8b465ee728b)
Start importing Assets/Assets/Morgue Room PBR/Models/props/writing_board.fbx using Guid(968123130adc6ca489ca18c940488a49) Importer(815301076,1909f56bfc062723c751e8b465ee728b)  -> (artifact id: 'f339fd0c1c662ca490cdc5ba7f20a2fb') in 0.013261 seconds
Number of updated asset objects reloaded before import = 0
Number of asset objects unloaded after import = 8
========================================================================
Received Import Request.
  Time since last request: 0.000012 seconds.
  path: Assets/Assets/Morgue Room PBR/Models/props/scalp.fbx
  artifactKey: Guid(0debffa88d0f634479ff49c3a89bad3d) Importer(815301076,1909f56bfc062723c751e8b465ee728b)
Start importing Assets/Assets/Morgue Room PBR/Models/props/scalp.fbx using Guid(0debffa88d0f634479ff49c3a89bad3d) Importer(815301076,1909f56bfc062723c751e8b465ee728b)  -> (artifact id: '4b68091b213a3a8bad9cf3f2472e8783') in 0.012863 seconds
Number of updated asset objects reloaded before import = 0
Number of asset objects unloaded after import = 8
========================================================================
Received Import Request.
  Time since last request: 0.000017 seconds.
  path: Assets/Assets/Morgue Room PBR/Models/props/glove_dispenser.fbx
  artifactKey: Guid(e5239a8c4fd0bc34bbabb952ccb0cc2e) Importer(815301076,1909f56bfc062723c751e8b465ee728b)
Start importing Assets/Assets/Morgue Room PBR/Models/props/glove_dispenser.fbx using Guid(e5239a8c4fd0bc34bbabb952ccb0cc2e) Importer(815301076,1909f56bfc062723c751e8b465ee728b)  -> (artifact id: '2a935725ffc8757e1fe8d09341ffdb45') in 0.013899 seconds
Number of updated asset objects reloaded before import = 0
Number of asset objects unloaded after import = 8
========================================================================
Received Import Request.
  Time since last request: 0.000017 seconds.
  path: Assets/Assets/Morgue Room PBR/Models/props/brain.fbx
  artifactKey: Guid(1715ae5ba3dc1114aa152df0dff9b4e1) Importer(815301076,1909f56bfc062723c751e8b465ee728b)
Start importing Assets/Assets/Morgue Room PBR/Models/props/brain.fbx using Guid(1715ae5ba3dc1114aa152df0dff9b4e1) Importer(815301076,1909f56bfc062723c751e8b465ee728b)  -> (artifact id: '93000dcc479ce5cf1b8a0c03a0be0289') in 0.013510 seconds
Number of updated asset objects reloaded before import = 0
Number of asset objects unloaded after import = 8
========================================================================
Received Import Request.
  Time since last request: 0.000015 seconds.
  path: Assets/Assets/Morgue Room PBR/Models/props/trash_can.fbx
  artifactKey: Guid(fc2c4c6b3f214fb41aa203e2cf5b5e37) Importer(815301076,1909f56bfc062723c751e8b465ee728b)
Start importing Assets/Assets/Morgue Room PBR/Models/props/trash_can.fbx using Guid(fc2c4c6b3f214fb41aa203e2cf5b5e37) Importer(815301076,1909f56bfc062723c751e8b465ee728b)  -> (artifact id: 'e95b6070f4bed007ca7e740cbf8780a6') in 0.011760 seconds
Number of updated asset objects reloaded before import = 0
Number of asset objects unloaded after import = 8
========================================================================
Received Import Request.
  Time since last request: 0.000013 seconds.
  path: Assets/Assets/Morgue Room PBR/Models/props/shelf.fbx
  artifactKey: Guid(6620c10331eecca4981d07e713416ccf) Importer(815301076,1909f56bfc062723c751e8b465ee728b)
Start importing Assets/Assets/Morgue Room PBR/Models/props/shelf.fbx using Guid(6620c10331eecca4981d07e713416ccf) Importer(815301076,1909f56bfc062723c751e8b465ee728b)  -> (artifact id: 'bb222f8a4b0b6b54d7f14416530520e1') in 0.011792 seconds
Number of updated asset objects reloaded before import = 0
Number of asset objects unloaded after import = 8
========================================================================
Received Import Request.
  Time since last request: 0.000017 seconds.
  path: Assets/Assets/Morgue Room PBR/Models/props/instrument_tray.fbx
  artifactKey: Guid(0100db3e890c43d4095696b6887b744b) Importer(815301076,1909f56bfc062723c751e8b465ee728b)
Start importing Assets/Assets/Morgue Room PBR/Models/props/instrument_tray.fbx using Guid(0100db3e890c43d4095696b6887b744b) Importer(815301076,1909f56bfc062723c751e8b465ee728b)  -> (artifact id: '762f061b216560f333ba246ce8c7c654') in 0.011854 seconds
Number of updated asset objects reloaded before import = 0
Number of asset objects unloaded after import = 8
========================================================================
Received Import Request.
  Time since last request: 0.000017 seconds.
  path: Assets/Assets/Morgue Room PBR/Models/props/photo_frame.fbx
  artifactKey: Guid(8329db4d33f1198408ab313c5d861966) Importer(815301076,1909f56bfc062723c751e8b465ee728b)
Start importing Assets/Assets/Morgue Room PBR/Models/props/photo_frame.fbx using Guid(8329db4d33f1198408ab313c5d861966) Importer(815301076,1909f56bfc062723c751e8b465ee728b)  -> (artifact id: '44634f550b9974ea0523f2d845398b4a') in 0.011679 seconds
Number of updated asset objects reloaded before import = 0
Number of asset objects unloaded after import = 9
========================================================================
Received Import Request.
  Time since last request: 0.000013 seconds.
  path: Assets/Assets/Morgue Room PBR/Models/props/desk_lamp.fbx
  artifactKey: Guid(0c053e006a01e754d8ce5c867bca5263) Importer(815301076,1909f56bfc062723c751e8b465ee728b)
Start importing Assets/Assets/Morgue Room PBR/Models/props/desk_lamp.fbx using Guid(0c053e006a01e754d8ce5c867bca5263) Importer(815301076,1909f56bfc062723c751e8b465ee728b)  -> (artifact id: '5e03e44ab2254c77e96b344145cb20b4') in 0.016722 seconds
Number of updated asset objects reloaded before import = 0
Number of asset objects unloaded after import = 26
========================================================================
Received Import Request.
  Time since last request: 0.000013 seconds.
  path: Assets/Assets/Morgue Room PBR/Models/props/light_switch.fbx
  artifactKey: Guid(792b4f3dd7e4cc44886e24bfc63e3ef2) Importer(815301076,1909f56bfc062723c751e8b465ee728b)
Start importing Assets/Assets/Morgue Room PBR/Models/props/light_switch.fbx using Guid(792b4f3dd7e4cc44886e24bfc63e3ef2) Importer(815301076,1909f56bfc062723c751e8b465ee728b)  -> (artifact id: '852d0ee9505030ada4b4981c3dfe5174') in 0.011510 seconds
Number of updated asset objects reloaded before import = 0
Number of asset objects unloaded after import = 8
========================================================================
Received Import Request.
  Time since last request: 0.000013 seconds.
  path: Assets/Assets/Morgue Room PBR/Models/props/glass_jar.fbx
  artifactKey: Guid(53860372cc9c1a24399934d563a7f11f) Importer(815301076,1909f56bfc062723c751e8b465ee728b)
Start importing Assets/Assets/Morgue Room PBR/Models/props/glass_jar.fbx using Guid(53860372cc9c1a24399934d563a7f11f) Importer(815301076,1909f56bfc062723c751e8b465ee728b)  -> (artifact id: '6f0f6db5f19d4613360d38bc3efe5c77') in 0.011579 seconds
Number of updated asset objects reloaded before import = 0
Number of asset objects unloaded after import = 8
========================================================================
Received Import Request.
  Time since last request: 0.000014 seconds.
  path: Assets/Assets/Morgue Room PBR/Models/props/metal_sink.fbx
  artifactKey: Guid(e2d0436d36b8a6a4f87a7a978e87f9c2) Importer(815301076,1909f56bfc062723c751e8b465ee728b)
Start importing Assets/Assets/Morgue Room PBR/Models/props/metal_sink.fbx using Guid(e2d0436d36b8a6a4f87a7a978e87f9c2) Importer(815301076,1909f56bfc062723c751e8b465ee728b)  -> (artifact id: 'b0a132b0bd821abebaa6eace0749d36f') in 0.012541 seconds
Number of updated asset objects reloaded before import = 0
Number of asset objects unloaded after import = 8
========================================================================
Received Import Request.
  Time since last request: 0.000015 seconds.
  path: Assets/Assets/Morgue Room PBR/Models/props/steel_worktop.fbx
  artifactKey: Guid(b8d30c9b6630c3f40a5f34be0b271cc8) Importer(815301076,1909f56bfc062723c751e8b465ee728b)
Start importing Assets/Assets/Morgue Room PBR/Models/props/steel_worktop.fbx using Guid(b8d30c9b6630c3f40a5f34be0b271cc8) Importer(815301076,1909f56bfc062723c751e8b465ee728b)  -> (artifact id: 'ed6c1df69f640316e61c3bed5bf7e37c') in 0.011922 seconds
Number of updated asset objects reloaded before import = 0
Number of asset objects unloaded after import = 8
========================================================================
Received Import Request.
  Time since last request: 0.000015 seconds.
  path: Assets/Assets/Morgue Room PBR/Models/props/pencil.fbx
  artifactKey: Guid(513ee5d0665f31347b2c4cefeac1df5b) Importer(815301076,1909f56bfc062723c751e8b465ee728b)
Start importing Assets/Assets/Morgue Room PBR/Models/props/pencil.fbx using Guid(513ee5d0665f31347b2c4cefeac1df5b) Importer(815301076,1909f56bfc062723c751e8b465ee728b)  -> (artifact id: 'a1a4965b5ba7b106eaf1e41c4900bcaf') in 0.012760 seconds
Number of updated asset objects reloaded before import = 0
Number of asset objects unloaded after import = 8
========================================================================
Received Import Request.
  Time since last request: 20.802988 seconds.
  path: Assets/Assets/Survival Tools/Materials/Battery.mat
  artifactKey: Guid(2a4e89dfa674a20408d52b51957e9b6a) Importer(815301076,1909f56bfc062723c751e8b465ee728b)
Start importing Assets/Assets/Survival Tools/Materials/Battery.mat using Guid(2a4e89dfa674a20408d52b51957e9b6a) Importer(815301076,1909f56bfc062723c751e8b465ee728b)  -> (artifact id: '8cf9eeb5aa63a36e3d26af857191ecea') in 0.215307 seconds
Number of updated asset objects reloaded before import = 0
Number of asset objects unloaded after import = 4
========================================================================
Received Import Request.
  Time since last request: 0.000013 seconds.
  path: Assets/Assets/Survival Tools/Materials/Pills.mat
  artifactKey: Guid(07eec9d53354822438d51a2634283947) Importer(815301076,1909f56bfc062723c751e8b465ee728b)
Start importing Assets/Assets/Survival Tools/Materials/Pills.mat using Guid(07eec9d53354822438d51a2634283947) Importer(815301076,1909f56bfc062723c751e8b465ee728b)  -> (artifact id: '36f900fcef56e99b415614480f8b716a') in 0.105521 seconds
Number of updated asset objects reloaded before import = 0
Number of asset objects unloaded after import = 4
========================================================================
Received Import Request.
  Time since last request: 0.000038 seconds.
  path: Assets/Assets/Survival Tools/Materials/Matchbox.mat
  artifactKey: Guid(de101b0be6951b646833c2ab48fec359) Importer(815301076,1909f56bfc062723c751e8b465ee728b)
Start importing Assets/Assets/Survival Tools/Materials/Matchbox.mat using Guid(de101b0be6951b646833c2ab48fec359) Importer(815301076,1909f56bfc062723c751e8b465ee728b)  -> (artifact id: 'd936f470a54bed42d5f287602a61393a') in 0.099151 seconds
Number of updated asset objects reloaded before import = 0
Number of asset objects unloaded after import = 4
========================================================================
Received Import Request.
  Time since last request: 0.000015 seconds.
  path: Assets/Assets/Survival Tools/Materials/WalkieNumbers.mat
  artifactKey: Guid(498b603ba0c5c964cb0092435439b0f3) Importer(815301076,1909f56bfc062723c751e8b465ee728b)
Start importing Assets/Assets/Survival Tools/Materials/WalkieNumbers.mat using Guid(498b603ba0c5c964cb0092435439b0f3) Importer(815301076,1909f56bfc062723c751e8b465ee728b)  -> (artifact id: '11ef8f7409897f0230d58c513af1c70b') in 0.012984 seconds
Number of updated asset objects reloaded before import = 0
Number of asset objects unloaded after import = 2
========================================================================
Received Import Request.
  Time since last request: 0.000015 seconds.
  path: Assets/Assets/Survival Tools/Materials/WaterBottleCap.mat
  artifactKey: Guid(c748b4f3be8bea04a8a464d2c2b465a6) Importer(815301076,1909f56bfc062723c751e8b465ee728b)
Start importing Assets/Assets/Survival Tools/Materials/WaterBottleCap.mat using Guid(c748b4f3be8bea04a8a464d2c2b465a6) Importer(815301076,1909f56bfc062723c751e8b465ee728b)  -> (artifact id: '08c6d8be0fb41b4800d4e1791739d905') in 0.101261 seconds
Number of updated asset objects reloaded before import = 0
Number of asset objects unloaded after import = 4
========================================================================
Received Import Request.
  Time since last request: 0.000013 seconds.
  path: Assets/Assets/Survival Tools/Materials/Tape.mat
  artifactKey: Guid(e9e79d85b56a60a459df32fa7b4e7793) Importer(815301076,1909f56bfc062723c751e8b465ee728b)
Start importing Assets/Assets/Survival Tools/Materials/Tape.mat using Guid(e9e79d85b56a60a459df32fa7b4e7793) Importer(815301076,1909f56bfc062723c751e8b465ee728b)  -> (artifact id: 'f27f6120f5bcafce0b29c61a00961797') in 0.017345 seconds
Number of updated asset objects reloaded before import = 0
Number of asset objects unloaded after import = 4
========================================================================
Received Import Request.
  Time since last request: 0.000024 seconds.
  path: Assets/Assets/Survival Tools/Materials/FlashlightGlass.mat
  artifactKey: Guid(ea6ba5f33fa3acd4b81c2bf9c2dd9ec9) Importer(815301076,1909f56bfc062723c751e8b465ee728b)
Start importing Assets/Assets/Survival Tools/Materials/FlashlightGlass.mat using Guid(ea6ba5f33fa3acd4b81c2bf9c2dd9ec9) Importer(815301076,1909f56bfc062723c751e8b465ee728b)  -> (artifact id: '14c03764219b3fe793965e7efe01865b') in 0.189498 seconds
Number of updated asset objects reloaded before import = 0
Number of asset objects unloaded after import = 5
========================================================================
Received Import Request.
  Time since last request: 1.015117 seconds.
  path: Assets/Assets/Survival Tools/Meshes/battery.fbx
  artifactKey: Guid(4bea82c2a612ef249aeea0a7f324dc9d) Importer(815301076,1909f56bfc062723c751e8b465ee728b)
Start importing Assets/Assets/Survival Tools/Meshes/battery.fbx using Guid(4bea82c2a612ef249aeea0a7f324dc9d) Importer(815301076,1909f56bfc062723c751e8b465ee728b)  -> (artifact id: '18a7e8259d132f43fb6ddf368cf5ce45') in 0.016111 seconds
Number of updated asset objects reloaded before import = 0
Number of asset objects unloaded after import = 10
========================================================================
Received Import Request.
  Time since last request: 0.000012 seconds.
  path: Assets/Assets/Survival Tools/Meshes/tape.fbx
  artifactKey: Guid(e2cb5de584611274ca2928dc4c9872c8) Importer(815301076,1909f56bfc062723c751e8b465ee728b)
Start importing Assets/Assets/Survival Tools/Meshes/tape.fbx using Guid(e2cb5de584611274ca2928dc4c9872c8) Importer(815301076,1909f56bfc062723c751e8b465ee728b)  -> (artifact id: 'ed865cf8d27f0a76daa110b55256db29') in 0.018891 seconds
Number of updated asset objects reloaded before import = 0
Number of asset objects unloaded after import = 10
========================================================================
Received Import Request.
  Time since last request: 0.000018 seconds.
  path: Assets/Assets/Survival Tools/Meshes/matchbox.fbx
  artifactKey: Guid(f971fb17c1faf124ab6fa78d9aa66a92) Importer(815301076,1909f56bfc062723c751e8b465ee728b)
Start importing Assets/Assets/Survival Tools/Meshes/matchbox.fbx using Guid(f971fb17c1faf124ab6fa78d9aa66a92) Importer(815301076,1909f56bfc062723c751e8b465ee728b)  -> (artifact id: 'bc83e34fa9a92ebb4b67493246226444') in 0.046564 seconds
Number of updated asset objects reloaded before import = 0
Number of asset objects unloaded after import = 38
========================================================================
Received Import Request.
  Time since last request: 2.317950 seconds.
  path: Assets/Assets/Survival Tools/Prefabs/cannedfood.prefab
  artifactKey: Guid(baa8d2066558c9a4ebcd1853c4c3ac4e) Importer(815301076,1909f56bfc062723c751e8b465ee728b)
Start importing Assets/Assets/Survival Tools/Prefabs/cannedfood.prefab using Guid(baa8d2066558c9a4ebcd1853c4c3ac4e) Importer(815301076,1909f56bfc062723c751e8b465ee728b)  -> (artifact id: 'f4ba6cccaffc080183fe2766df78eddc') in 0.018915 seconds
Number of updated asset objects reloaded before import = 0
Number of asset objects unloaded after import = 13
========================================================================
Received Import Request.
  Time since last request: 0.000017 seconds.
  path: Assets/Assets/Survival Tools/Prefabs/tape.prefab
  artifactKey: Guid(f2eb86ba579ab5c4db54a92a8f0c3b7b) Importer(815301076,1909f56bfc062723c751e8b465ee728b)
Start importing Assets/Assets/Survival Tools/Prefabs/tape.prefab using Guid(f2eb86ba579ab5c4db54a92a8f0c3b7b) Importer(815301076,1909f56bfc062723c751e8b465ee728b)  -> (artifact id: 'ec59440d36ea1265aaec01a64b883708') in 0.020779 seconds
Number of updated asset objects reloaded before import = 0
Number of asset objects unloaded after import = 13
========================================================================
Received Import Request.
  Time since last request: 0.000014 seconds.
  path: Assets/Assets/Survival Tools/Prefabs/matchbox.prefab
  artifactKey: Guid(38fb7ded0e1057f438e082c5f655bd53) Importer(815301076,1909f56bfc062723c751e8b465ee728b)
Start importing Assets/Assets/Survival Tools/Prefabs/matchbox.prefab using Guid(38fb7ded0e1057f438e082c5f655bd53) Importer(815301076,1909f56bfc062723c751e8b465ee728b)  -> (artifact id: '319dbdfd56ed42ca4d2bd7e09021cc49') in 0.174537 seconds
Number of updated asset objects reloaded before import = 0
Number of asset objects unloaded after import = 43
Editor requested this worker to shutdown with reason: Scaling down because of idle timeout
TcpMessagingSession - receive error: operation aborted. errorcode: 995, details: The I/O operation has been aborted because of either a thread exit or an application request.
AssetImportWorker is now disconnected from the server
Process exiting
Exiting without the bug reporter. Application will terminate with return code 0