Using pre-set license
Built from '2022.3/staging' branch; Version is '2022.3.11f1 (d00248457e15) revision 13632072'; Using compiler version '192829333'; Build Type 'Release'
OS: 'Windows 11  (10.0.22621) 64bit Professional' Language: 'en' Physical Memory: 16271 MB
BatchMode: 1, IsHumanControllingUs: 0, StartBugReporterOnCrash: 0, Is64bit: 1, IsPro: 1

COMMAND LINE ARGUMENTS:
C:\Program Files\Unity\Hub\Editor\2022.3.11f1\Editor\Unity.exe
-adb2
-batchMode
-noUpm
-name
AssetImportWorker1
-projectPath
C:/Users/Bananya/OneDrive/Dokumenter/Multimediedesigner/Horror game
-logFile
Logs/AssetImportWorker1.log
-srvPort
53802
Successfully changed project path to: C:/Users/Bananya/OneDrive/Dokumenter/Multimediedesigner/Horror game
C:/Users/Bananya/OneDrive/Dokumenter/Multimediedesigner/Horror game
[UnityMemory] Configuration Parameters - Can be set up in boot.config
    "memorysetup-bucket-allocator-granularity=16"
    "memorysetup-bucket-allocator-bucket-count=8"
    "memorysetup-bucket-allocator-block-size=33554432"
    "memorysetup-bucket-allocator-block-count=8"
    "memorysetup-main-allocator-block-size=16777216"
    "memorysetup-thread-allocator-block-size=16777216"
    "memorysetup-gfx-main-allocator-block-size=16777216"
    "memorysetup-gfx-thread-allocator-block-size=16777216"
    "memorysetup-cache-allocator-block-size=4194304"
    "memorysetup-typetree-allocator-block-size=2097152"
    "memorysetup-profiler-bucket-allocator-granularity=16"
    "memorysetup-profiler-bucket-allocator-bucket-count=8"
    "memorysetup-profiler-bucket-allocator-block-size=33554432"
    "memorysetup-profiler-bucket-allocator-block-count=8"
    "memorysetup-profiler-allocator-block-size=16777216"
    "memorysetup-profiler-editor-allocator-block-size=1048576"
    "memorysetup-temp-allocator-size-main=16777216"
    "memorysetup-job-temp-allocator-block-size=2097152"
    "memorysetup-job-temp-allocator-block-size-background=1048576"
    "memorysetup-job-temp-allocator-reduction-small-platforms=262144"
    "memorysetup-allocator-temp-initial-block-size-main=262144"
    "memorysetup-allocator-temp-initial-block-size-worker=262144"
    "memorysetup-temp-allocator-size-background-worker=32768"
    "memorysetup-temp-allocator-size-job-worker=262144"
    "memorysetup-temp-allocator-size-preload-manager=33554432"
    "memorysetup-temp-allocator-size-nav-mesh-worker=65536"
    "memorysetup-temp-allocator-size-audio-worker=65536"
    "memorysetup-temp-allocator-size-cloud-worker=32768"
    "memorysetup-temp-allocator-size-gi-baking-worker=262144"
    "memorysetup-temp-allocator-size-gfx=262144"
Player connection [10736] Host "[IP] 192.168.0.108 [Port] 0 [Flags] 2 [Guid] 3073842535 [EditorId] 3073842535 [Version] 1048832 [Id] WindowsEditor(7,DESKTOP-ACQE5B8) [Debug] 1 [PackageName] WindowsEditor [ProjectName] Editor" joined multi-casting on [225.0.0.222:54997]...

Player connection [10736] Host "[IP] 192.168.0.108 [Port] 0 [Flags] 2 [Guid] 3073842535 [EditorId] 3073842535 [Version] 1048832 [Id] WindowsEditor(7,DESKTOP-ACQE5B8) [Debug] 1 [PackageName] WindowsEditor [ProjectName] Editor" joined alternative multi-casting on [225.0.0.222:34997]...

[Physics::Module] Initialized MultithreadedJobDispatcher with 11 workers.
Refreshing native plugins compatible for Editor in 15.98 ms, found 12 plugins.
Preloading 1 native plugins for Editor in 0.54 ms.
Initialize engine version: 2022.3.11f1 (d00248457e15)
[Subsystems] Discovering subsystems at path C:/Program Files/Unity/Hub/Editor/2022.3.11f1/Editor/Data/Resources/UnitySubsystems
[Subsystems] Discovering subsystems at path C:/Users/Bananya/OneDrive/Dokumenter/Multimediedesigner/Horror game/Assets
GfxDevice: creating device client; threaded=0; jobified=0
Direct3D:
    Version:  Direct3D 11.0 [level 11.1]
    Renderer: NVIDIA GeForce GTX 980 Ti (ID=0x17c8)
    Vendor:   NVIDIA
    VRAM:     6092 MB
    Driver:   31.0.15.4601
Initialize mono
Mono path[0] = 'C:/Program Files/Unity/Hub/Editor/2022.3.11f1/Editor/Data/Managed'
Mono path[1] = 'C:/Program Files/Unity/Hub/Editor/2022.3.11f1/Editor/Data/MonoBleedingEdge/lib/mono/unityjit-win32'
Mono config path = 'C:/Program Files/Unity/Hub/Editor/2022.3.11f1/Editor/Data/MonoBleedingEdge/etc'
Using monoOptions --debugger-agent=transport=dt_socket,embedding=1,server=y,suspend=n,address=127.0.0.1:56416
Begin MonoManager ReloadAssembly
Registering precompiled unity dll's ...
Register platform support module: C:/Program Files/Unity/Hub/Editor/2022.3.11f1/Editor/Data/PlaybackEngines/WindowsStandaloneSupport/UnityEditor.WindowsStandalone.Extensions.dll
Registered in 0.004602 seconds.
- Loaded All Assemblies, in  0.289 seconds
Native extension for WindowsStandalone target not found
Mono: successfully reloaded assembly
- Finished resetting the current domain, in  0.254 seconds
Domain Reload Profiling: 542ms
	BeginReloadAssembly (99ms)
		ExecutionOrderSort (0ms)
		DisableScriptedObjects (0ms)
		BackupInstance (0ms)
		ReleaseScriptingObjects (0ms)
		CreateAndSetChildDomain (1ms)
	RebuildCommonClasses (27ms)
	RebuildNativeTypeToScriptingClass (8ms)
	initialDomainReloadingComplete (48ms)
	LoadAllAssembliesAndSetupDomain (105ms)
		LoadAssemblies (96ms)
		RebuildTransferFunctionScriptingTraits (0ms)
		AnalyzeDomain (103ms)
			TypeCache.Refresh (102ms)
				TypeCache.ScanAssembly (92ms)
			ScanForSourceGeneratedMonoScriptInfo (0ms)
			ResolveRequiredComponents (0ms)
	FinalizeReload (255ms)
		ReleaseScriptCaches (0ms)
		RebuildScriptCaches (0ms)
		SetupLoadedEditorAssemblies (198ms)
			LogAssemblyErrors (0ms)
			InitializePlatformSupportModulesInManaged (7ms)
			SetLoadedEditorAssemblies (7ms)
			RefreshPlugins (0ms)
			BeforeProcessingInitializeOnLoad (2ms)
			ProcessInitializeOnLoadAttributes (113ms)
			ProcessInitializeOnLoadMethodAttributes (69ms)
			AfterProcessingInitializeOnLoad (0ms)
			EditorAssembliesLoaded (0ms)
		ExecutionOrderSort2 (0ms)
		AwakeInstancesAfterBackupRestoration (0ms)
========================================================================
Worker process is ready to serve import requests
Begin MonoManager ReloadAssembly
- Loaded All Assemblies, in  0.590 seconds
Refreshing native plugins compatible for Editor in 9.67 ms, found 12 plugins.
Native extension for WindowsStandalone target not found
Package Manager log level set to [2]
[Package Manager] Server::EnsureServerProcessIsRunning -- launch failed, reason: Unity was launched with the -noUpm command-line argument
[Package Manager] UpmClient::Send -- Unable to send message (not connected to UPM process).
[Package Manager] Cannot connect to Unity Package Manager local server
[Package Manager] Server::EnsureServerProcessIsRunning -- launch failed, reason: Unity was launched with the -noUpm command-line argument
[Package Manager] UpmClient::Send -- Unable to send message (not connected to UPM process).
[Package Manager] Cannot connect to Unity Package Manager local server
System.Reflection.TargetInvocationException: Exception has been thrown by the target of an invocation. ---> System.NullReferenceException: Object reference not set to an instance of an object
  at Unity.XR.Oculus.OculusLoader.AssetPathToAbsolutePath (System.String assetPath) [0x0003d] in .\Library\PackageCache\com.unity.xr.oculus@4.1.1\Runtime\OculusLoader.cs:287 
  at Unity.XR.Oculus.OculusLoader.EditorLoadOVRPlugin () [0x00084] in .\Library\PackageCache\com.unity.xr.oculus@4.1.1\Runtime\OculusLoader.cs:272 
  at (wrapper managed-to-native) System.Reflection.RuntimeMethodInfo.InternalInvoke(System.Reflection.RuntimeMethodInfo,object,object[],System.Exception&)
  at System.Reflection.RuntimeMethodInfo.Invoke (System.Object obj, System.Reflection.BindingFlags invokeAttr, System.Reflection.Binder binder, System.Object[] parameters, System.Globalization.CultureInfo culture) [0x0006a] in <834b2ded5dad441e8c7a4287897d63c7>:0 
   --- End of inner exception stack trace ---
  at System.Reflection.RuntimeMethodInfo.Invoke (System.Object obj, System.Reflection.BindingFlags invokeAttr, System.Reflection.Binder binder, System.Object[] parameters, System.Globalization.CultureInfo culture) [0x00083] in <834b2ded5dad441e8c7a4287897d63c7>:0 
  at System.Reflection.MethodBase.Invoke (System.Object obj, System.Object[] parameters) [0x00000] in <834b2ded5dad441e8c7a4287897d63c7>:0 
  at UnityEditor.EditorAssemblies.ProcessInitializeOnLoadMethodAttributes () [0x000a5] in <9920ff0c944845d7b9f9a61ef1478edc>:0 
UnityEngine.StackTraceUtility:ExtractStackTrace ()
UnityEngine.DebugLogHandler:LogFormat (UnityEngine.LogType,UnityEngine.Object,string,object[])
UnityEngine.Logger:Log (UnityEngine.LogType,object)
UnityEngine.Debug:LogError (object)
UnityEditor.EditorAssemblies:ProcessInitializeOnLoadMethodAttributes ()

Mono: successfully reloaded assembly
[Package Manager] Server::EnsureServerProcessIsRunning -- launch failed, reason: Unity was launched with the -noUpm command-line argument
[Package Manager] UpmClient::Send -- Unable to send message (not connected to UPM process).
[Package Manager] Cannot connect to Unity Package Manager local server
[Package Manager] Server::EnsureServerProcessIsRunning -- launch failed, reason: Unity was launched with the -noUpm command-line argument
[Package Manager] UpmClient::Send -- Unable to send message (not connected to UPM process).
[Package Manager] Cannot connect to Unity Package Manager local server
- Finished resetting the current domain, in  0.573 seconds
Domain Reload Profiling: 1161ms
	BeginReloadAssembly (130ms)
		ExecutionOrderSort (0ms)
		DisableScriptedObjects (4ms)
		BackupInstance (0ms)
		ReleaseScriptingObjects (0ms)
		CreateAndSetChildDomain (21ms)
	RebuildCommonClasses (30ms)
	RebuildNativeTypeToScriptingClass (9ms)
	initialDomainReloadingComplete (35ms)
	LoadAllAssembliesAndSetupDomain (383ms)
		LoadAssemblies (285ms)
		RebuildTransferFunctionScriptingTraits (0ms)
		AnalyzeDomain (173ms)
			TypeCache.Refresh (149ms)
				TypeCache.ScanAssembly (133ms)
			ScanForSourceGeneratedMonoScriptInfo (20ms)
			ResolveRequiredComponents (3ms)
	FinalizeReload (573ms)
		ReleaseScriptCaches (0ms)
		RebuildScriptCaches (0ms)
		SetupLoadedEditorAssemblies (444ms)
			LogAssemblyErrors (0ms)
			InitializePlatformSupportModulesInManaged (4ms)
			SetLoadedEditorAssemblies (3ms)
			RefreshPlugins (0ms)
			BeforeProcessingInitializeOnLoad (63ms)
			ProcessInitializeOnLoadAttributes (321ms)
			ProcessInitializeOnLoadMethodAttributes (46ms)
			AfterProcessingInitializeOnLoad (6ms)
			EditorAssembliesLoaded (0ms)
		ExecutionOrderSort2 (0ms)
		AwakeInstancesAfterBackupRestoration (6ms)
Launched and connected shader compiler UnityShaderCompiler.exe after 0.05 seconds
Refreshing native plugins compatible for Editor in 18.37 ms, found 12 plugins.
Preloading 1 native plugins for Editor in 0.08 ms.
Unloading 3932 Unused Serialized files (Serialized files now loaded: 0)
Unloading 71 unused Assets / (74.6 KB). Loaded Objects now: 4421.
Memory consumption went from 155.8 MB to 155.7 MB.
Total: 6.223900 ms (FindLiveObjects: 0.672900 ms CreateObjectMapping: 0.322100 ms MarkObjects: 4.995700 ms  DeleteObjects: 0.231700 ms)

AssetImportParameters requested are different than current active one (requested -> active):
  custom:container-demuxer-ogg: 62fdf1f143b41e24485cea50d1cbac27 -> 
  custom:video-decoder-ogg-theora: a1e56fd34408186e4bbccfd4996cb3dc -> 
  custom:framework-win-MediaFoundation: 216162199b28c13a410421893ffa2e32 -> 
  custom:container-demuxer-webm: 4f35f7cbe854078d1ac9338744f61a02 -> 
  custom:container-muxer-webm: aa71ff27fc2769a1b78a27578f13a17b -> 
  custom:video-decoder-webm-vp8: 9c59270c3fd7afecdb556c50c9e8de78 -> 
  custom:AudioImporter_EditorPlatform: d09bf68614088b80899f8185d706f6e7 -> 
  custom:video-encoder-webm-vp8: eb34c28f22e8b96e1ab97ce403110664 -> 
  custom:audio-decoder-ogg-vorbis: bf7c407c2cedff20999df2af8eb42d56 -> 
  custom:audio-encoder-webm-vorbis: bf7c407c2cedff20999df2af8eb42d56 -> 
========================================================================
Received Prepare
Refreshing native plugins compatible for Editor in 9.95 ms, found 12 plugins.
Preloading 1 native plugins for Editor in 0.05 ms.
Unloading 1 Unused Serialized files (Serialized files now loaded: 0)
Unloading 1 unused Assets / (3.0 KB). Loaded Objects now: 4421.
Memory consumption went from 90.4 MB to 90.4 MB.
Total: 2.943600 ms (FindLiveObjects: 0.277200 ms CreateObjectMapping: 0.171500 ms MarkObjects: 2.480100 ms  DeleteObjects: 0.014200 ms)

Prepare: number of updated asset objects reloaded= 0
AssetImportParameters requested are different than current active one (requested -> active):
  custom:container-demuxer-ogg: 62fdf1f143b41e24485cea50d1cbac27 -> 
  custom:video-decoder-ogg-theora: a1e56fd34408186e4bbccfd4996cb3dc -> 
  custom:framework-win-MediaFoundation: 216162199b28c13a410421893ffa2e32 -> 
  custom:CustomObjectIndexerAttribute: 756ad292c208cfabdd7b50bc23989ffe -> 
  custom:container-demuxer-webm: 4f35f7cbe854078d1ac9338744f61a02 -> 
  custom:container-muxer-webm: aa71ff27fc2769a1b78a27578f13a17b -> 
  custom:video-decoder-webm-vp8: 9c59270c3fd7afecdb556c50c9e8de78 -> 
  custom:SearchIndexIgnoredProperties: e643bd26f0fe6173181afceb89e7c659 -> 
  custom:AudioImporter_EditorPlatform: d09bf68614088b80899f8185d706f6e7 -> 
  custom:video-encoder-webm-vp8: eb34c28f22e8b96e1ab97ce403110664 -> 
  custom:audio-decoder-ogg-vorbis: bf7c407c2cedff20999df2af8eb42d56 -> 
  custom:audio-encoder-webm-vorbis: bf7c407c2cedff20999df2af8eb42d56 -> 
========================================================================
Received Import Request.
  Time since last request: 82111.871667 seconds.
  path: Assets/Horror Hospital Pack/Models/Bad/Bad_n.png
  artifactKey: Guid(a9062d1e8d1601a4ea69e400ec739c12) Importer(815301076,1909f56bfc062723c751e8b465ee728b)
Start importing Assets/Horror Hospital Pack/Models/Bad/Bad_n.png using Guid(a9062d1e8d1601a4ea69e400ec739c12) Importer(815301076,1909f56bfc062723c751e8b465ee728b)  -> (artifact id: 'e42ada8b196caa9d36bb07b598a3d5d8') in 0.067312 seconds
Number of updated asset objects reloaded before import = 0
Number of asset objects unloaded after import = 2
========================================================================
Received Import Request.
  Time since last request: 521.851839 seconds.
  path: Assets/Horror Hospital Pack/Materials/Sil/Sil_Hi.png
  artifactKey: Guid(c6f6938231e30ec4da2b22a8b0079cac) Importer(815301076,1909f56bfc062723c751e8b465ee728b)
Start importing Assets/Horror Hospital Pack/Materials/Sil/Sil_Hi.png using Guid(c6f6938231e30ec4da2b22a8b0079cac) Importer(815301076,1909f56bfc062723c751e8b465ee728b)  -> (artifact id: 'de900a92026fc54c73703690b419b5a1') in 0.019175 seconds
Number of updated asset objects reloaded before import = 0
Number of asset objects unloaded after import = 2
========================================================================
Received Import Request.
  Time since last request: 14.944624 seconds.
  path: Assets/Horror Hospital Pack/Models/ElectroPanel/ElectricalPanelDiffuse.png
  artifactKey: Guid(a3c95600bf370ef4c976c6994cad2382) Importer(815301076,1909f56bfc062723c751e8b465ee728b)
Start importing Assets/Horror Hospital Pack/Models/ElectroPanel/ElectricalPanelDiffuse.png using Guid(a3c95600bf370ef4c976c6994cad2382) Importer(815301076,1909f56bfc062723c751e8b465ee728b)  -> (artifact id: 'a035d3e294a80cf2941eedd9a9abba26') in 0.012785 seconds
Number of updated asset objects reloaded before import = 0
Number of asset objects unloaded after import = 2
========================================================================
Received Import Request.
  Time since last request: 5.875419 seconds.
  path: Assets/Horror Hospital Pack/Models/Lamp/LampEmission.png
  artifactKey: Guid(1be7b7735ea3a9e469d740265b1aedc6) Importer(815301076,1909f56bfc062723c751e8b465ee728b)
Start importing Assets/Horror Hospital Pack/Models/Lamp/LampEmission.png using Guid(1be7b7735ea3a9e469d740265b1aedc6) Importer(815301076,1909f56bfc062723c751e8b465ee728b)  -> (artifact id: '33fcfb1b7a89f1facaf8ff7f1bdcda9a') in 0.013816 seconds
Number of updated asset objects reloaded before import = 0
Number of asset objects unloaded after import = 2
========================================================================
Received Import Request.
  Time since last request: 2.745070 seconds.
  path: Assets/Horror Hospital Pack/Models/OldCup/OldCupNormal.png
  artifactKey: Guid(b5cb50bfc18aea34baa8196bfdb65919) Importer(815301076,1909f56bfc062723c751e8b465ee728b)
Start importing Assets/Horror Hospital Pack/Models/OldCup/OldCupNormal.png using Guid(b5cb50bfc18aea34baa8196bfdb65919) Importer(815301076,1909f56bfc062723c751e8b465ee728b)  -> (artifact id: 'c7c3f662154656c17295daac90f0b91e') in 0.013597 seconds
Number of updated asset objects reloaded before import = 0
Number of asset objects unloaded after import = 2
========================================================================
Received Import Request.
  Time since last request: 8.196953 seconds.
  path: Assets/Horror Hospital Pack/Models/SD/SDNormal.png
  artifactKey: Guid(b858c2119a90eea458fa78f3d981b122) Importer(815301076,1909f56bfc062723c751e8b465ee728b)
Start importing Assets/Horror Hospital Pack/Models/SD/SDNormal.png using Guid(b858c2119a90eea458fa78f3d981b122) Importer(815301076,1909f56bfc062723c751e8b465ee728b)  -> (artifact id: '54abc07336431b5b9e27ced3b06e3a4c') in 0.013010 seconds
Number of updated asset objects reloaded before import = 0
Number of asset objects unloaded after import = 2
========================================================================
Received Import Request.
  Time since last request: 462.444289 seconds.
  path: Assets/Assets/BloodDecalsAndEffects/BloodGushFX/BloodSprayFX_Colormodifyable.prefab
  artifactKey: Guid(532c8be46e6660e49a9e48ce60e82441) Importer(815301076,1909f56bfc062723c751e8b465ee728b)
Start importing Assets/Assets/BloodDecalsAndEffects/BloodGushFX/BloodSprayFX_Colormodifyable.prefab using Guid(532c8be46e6660e49a9e48ce60e82441) Importer(815301076,1909f56bfc062723c751e8b465ee728b)  -> (artifact id: '37cdebfc677ec8f3819df621e98aa355') in 0.075900 seconds
Number of updated asset objects reloaded before import = 0
Number of asset objects unloaded after import = 22
========================================================================
Received Import Request.
  Time since last request: 0.000012 seconds.
  path: Assets/Assets/BloodDecalsAndEffects/BloodGushFX/ChunkParticleSystem.prefab
  artifactKey: Guid(d5f26854a8904624c8073139cd2eb346) Importer(815301076,1909f56bfc062723c751e8b465ee728b)
Start importing Assets/Assets/BloodDecalsAndEffects/BloodGushFX/ChunkParticleSystem.prefab using Guid(d5f26854a8904624c8073139cd2eb346) Importer(815301076,1909f56bfc062723c751e8b465ee728b)  -> (artifact id: '663a8a46d012f29c16bc8d1b96055b5f') in 0.224423 seconds
Number of updated asset objects reloaded before import = 0
Number of asset objects unloaded after import = 15
========================================================================
Received Import Request.
  Time since last request: 23.804707 seconds.
  path: Assets/Assets/BloodDecalsAndEffects/BloodGushFX/BloodGushFX/Materials/BloodParticleC.mat
  artifactKey: Guid(1226a3e53649e09428c4c0cf03714527) Importer(815301076,1909f56bfc062723c751e8b465ee728b)
Start importing Assets/Assets/BloodDecalsAndEffects/BloodGushFX/BloodGushFX/Materials/BloodParticleC.mat using Guid(1226a3e53649e09428c4c0cf03714527) Importer(815301076,1909f56bfc062723c751e8b465ee728b)  -> (artifact id: 'd156646c5507699a9d2b0f219ecc479b') in 0.041593 seconds
Number of updated asset objects reloaded before import = 0
Number of asset objects unloaded after import = 2
========================================================================
Received Import Request.
  Time since last request: 0.000017 seconds.
  path: Assets/Assets/BloodDecalsAndEffects/BloodGushFX/BloodGushFX/Materials/GreyscaleParticleC.mat
  artifactKey: Guid(dc45b722b7634214a9d664f8971d634d) Importer(815301076,1909f56bfc062723c751e8b465ee728b)
Start importing Assets/Assets/BloodDecalsAndEffects/BloodGushFX/BloodGushFX/Materials/GreyscaleParticleC.mat using Guid(dc45b722b7634214a9d664f8971d634d) Importer(815301076,1909f56bfc062723c751e8b465ee728b)  -> (artifact id: '8eab36dd7fae31696dd87bd12a33dcf2') in 0.010552 seconds
Number of updated asset objects reloaded before import = 0
Number of asset objects unloaded after import = 2
========================================================================
Received Import Request.
  Time since last request: 10.070317 seconds.
  path: Assets/Assets/BloodDecalsAndEffects/BloodGushFX/BloodGushFX/Textures/BloodParticleFX_1_greyScale.png
  artifactKey: Guid(0dd9fef3208aa7541b9e26f5243a0d0b) Importer(815301076,1909f56bfc062723c751e8b465ee728b)
Start importing Assets/Assets/BloodDecalsAndEffects/BloodGushFX/BloodGushFX/Textures/BloodParticleFX_1_greyScale.png using Guid(0dd9fef3208aa7541b9e26f5243a0d0b) Importer(815301076,1909f56bfc062723c751e8b465ee728b)  -> (artifact id: 'da165312091bb75a1a300e9b1f405df8') in 0.013961 seconds
Number of updated asset objects reloaded before import = 0
Number of asset objects unloaded after import = 2
========================================================================
Received Import Request.
  Time since last request: 0.000015 seconds.
  path: Assets/Assets/BloodDecalsAndEffects/BloodGushFX/BloodGushFX/Textures/BloodParticleFX_greyscale.png
  artifactKey: Guid(679e4bb801c955544a4525d7df17f454) Importer(815301076,1909f56bfc062723c751e8b465ee728b)
Start importing Assets/Assets/BloodDecalsAndEffects/BloodGushFX/BloodGushFX/Textures/BloodParticleFX_greyscale.png using Guid(679e4bb801c955544a4525d7df17f454) Importer(815301076,1909f56bfc062723c751e8b465ee728b)  -> (artifact id: 'db2b768c69c591cc04718e4dd9c5a9fd') in 0.012880 seconds
Number of updated asset objects reloaded before import = 0
Number of asset objects unloaded after import = 2
========================================================================
Received Import Request.
  Time since last request: 0.000017 seconds.
  path: Assets/Assets/BloodDecalsAndEffects/BloodGushFX/BloodGushFX/Textures/BloodParticleFX_2_greyScale.png
  artifactKey: Guid(e8562306528b4fe47828b2d1af380064) Importer(815301076,1909f56bfc062723c751e8b465ee728b)
Start importing Assets/Assets/BloodDecalsAndEffects/BloodGushFX/BloodGushFX/Textures/BloodParticleFX_2_greyScale.png using Guid(e8562306528b4fe47828b2d1af380064) Importer(815301076,1909f56bfc062723c751e8b465ee728b)  -> (artifact id: 'e608f3ca360f53269c827cc6382da00f') in 0.012727 seconds
Number of updated asset objects reloaded before import = 0
Number of asset objects unloaded after import = 2
========================================================================
Received Import Request.
  Time since last request: 6.447311 seconds.
  path: Assets/Assets/BloodDecalsAndEffects/BloodGushFX/Gibblets/GibbletChunk_3.prefab
  artifactKey: Guid(2820e1d6d61f32641bf0fc75480bf03d) Importer(815301076,1909f56bfc062723c751e8b465ee728b)
Start importing Assets/Assets/BloodDecalsAndEffects/BloodGushFX/Gibblets/GibbletChunk_3.prefab using Guid(2820e1d6d61f32641bf0fc75480bf03d) Importer(815301076,1909f56bfc062723c751e8b465ee728b)  -> (artifact id: '81909c872a32b0311f8d6aaf47a85e10') in 0.020067 seconds
Number of updated asset objects reloaded before import = 0
Number of asset objects unloaded after import = 13
========================================================================
Received Import Request.
  Time since last request: 0.000015 seconds.
  path: Assets/Assets/BloodDecalsAndEffects/BloodGushFX/Gibblets/GibbletChunk_4.prefab
  artifactKey: Guid(76ce888d578cebf41a8cd92dd92f7ed2) Importer(815301076,1909f56bfc062723c751e8b465ee728b)
Start importing Assets/Assets/BloodDecalsAndEffects/BloodGushFX/Gibblets/GibbletChunk_4.prefab using Guid(76ce888d578cebf41a8cd92dd92f7ed2) Importer(815301076,1909f56bfc062723c751e8b465ee728b)  -> (artifact id: '7af743f3111c47d85dc7f3401748d4ed') in 0.026035 seconds
Number of updated asset objects reloaded before import = 0
Number of asset objects unloaded after import = 13
========================================================================
Received Import Request.
  Time since last request: 0.000032 seconds.
  path: Assets/Assets/BloodDecalsAndEffects/BloodGushFX/Gibblets/GibbletChunk_5.prefab
  artifactKey: Guid(e34f7bee5dd88544cb37d226dd54d478) Importer(815301076,1909f56bfc062723c751e8b465ee728b)
Start importing Assets/Assets/BloodDecalsAndEffects/BloodGushFX/Gibblets/GibbletChunk_5.prefab using Guid(e34f7bee5dd88544cb37d226dd54d478) Importer(815301076,1909f56bfc062723c751e8b465ee728b)  -> (artifact id: '2aa6454ee01ea0e8d46c7fa6c1fd10d4') in 0.020186 seconds
Number of updated asset objects reloaded before import = 0
Number of asset objects unloaded after import = 13
========================================================================
Received Import Request.
  Time since last request: 0.000015 seconds.
  path: Assets/Assets/BloodDecalsAndEffects/BloodGushFX/Gibblets/GibbletChunk_6.prefab
  artifactKey: Guid(dd107709ac611784db7b9d0e4c74761f) Importer(815301076,1909f56bfc062723c751e8b465ee728b)
Start importing Assets/Assets/BloodDecalsAndEffects/BloodGushFX/Gibblets/GibbletChunk_6.prefab using Guid(dd107709ac611784db7b9d0e4c74761f) Importer(815301076,1909f56bfc062723c751e8b465ee728b)  -> (artifact id: '0d04c0f3047503e1163b317f58d2f674') in 0.017038 seconds
Number of updated asset objects reloaded before import = 0
Number of asset objects unloaded after import = 13
========================================================================
Received Import Request.
  Time since last request: 5.143751 seconds.
  path: Assets/Assets/BloodDecalsAndEffects/BloodGushFX/brainsAndBlood/Textures/Brains_Gloss.png
  artifactKey: Guid(19b640978e503864fb00091c821c4935) Importer(815301076,1909f56bfc062723c751e8b465ee728b)
Start importing Assets/Assets/BloodDecalsAndEffects/BloodGushFX/brainsAndBlood/Textures/Brains_Gloss.png using Guid(19b640978e503864fb00091c821c4935) Importer(815301076,1909f56bfc062723c751e8b465ee728b)  -> (artifact id: 'c8cbb683f88bd8b2652d65c5a7672e06') in 0.015694 seconds
Number of updated asset objects reloaded before import = 0
Number of asset objects unloaded after import = 2
Editor requested this worker to shutdown with reason: Scaling down because of idle timeout
TcpMessagingSession - receive error: operation aborted. errorcode: 995, details: The I/O operation has been aborted because of either a thread exit or an application request.
AssetImportWorker is now disconnected from the server
Process exiting
Exiting without the bug reporter. Application will terminate with return code 0